<?xml version="1.0" encoding="UTF-8"?>
<!-- Generated by org.testng.reporters.JUnitReportReporter -->
<testsuite skipped="0" hostname="DESKTOP-LQHB81I" name="com.adactin.testcases.LoginPageTest" tests="4" failures="0" timestamp="2019-12-12T12:13:05 CST" time="25.438" errors="0">
  <testcase name="verifyTitleTest" time="5.112" classname="com.adactin.testcases.LoginPageTest"/>
  <testcase name="verifyLogoTest" time="4.736" classname="com.adactin.testcases.LoginPageTest"/>
  <testcase name="verifyForgotPwdLink" time="9.787" classname="com.adactin.testcases.LoginPageTest"/>
  <testcase name="verifyLoginTest" time="5.803" classname="com.adactin.testcases.LoginPageTest"/>
</testsuite> <!-- com.adactin.testcases.LoginPageTest -->
